[0.006s] Invoking command in '/home/jmj/pro_asp_ws/ws_px4_control/build/px4_ros_com': CMAKE_PREFIX_PATH=/home/jmj/pro_asp_ws/ws_px4_control/install/px4_msgs:/home/jmj/pro_asp_ws/ws_px4_control/install/px4_ros_com:/opt/ros/humble LD_LIBRARY_PATH=/home/jmj/pro_asp_ws/ws_px4_control/install/px4_msgs/lib:/home/jmj/pro_asp_ws/ws_px4_control/install/px4_ros_com/lib:/opt/ros/humble/opt/rviz_ogre_vendor/lib:/opt/ros/humble/lib/x86_64-linux-gnu:/opt/ros/humble/lib:/usr/local/cuda/lib64 /usr/bin/cmake --build /home/jmj/pro_asp_ws/ws_px4_control/build/px4_ros_com -- -j20 -l20
[0.034s] [35m[1mConsolidate compiler generated dependencies of target cli_pose_command[0m
[0.039s] [35m[1mConsolidate compiler generated dependencies of target offboard_control[0m
[0.043s] [ 42%] Built target frame_transforms
[0.043s] [ 42%] Built target offboard_control_srv
[0.043s] [ 42%] Built target vehicle_gps_position_listener
[0.043s] [ 57%] Built target sensor_combined_listener
[0.044s] [ 71%] Built target cli_pose_command
[0.044s] [ 85%] Built target debug_vect_advertiser
[0.047s] [ 85%] Built target ament_cmake_python_copy_px4_ros_com
[0.052s] [ 92%] [32mBuilding CXX object CMakeFiles/offboard_control.dir/src/examples/offboard/offboard_control.cpp.o[0m
[0.206s] running egg_info
[0.207s] writing px4_ros_com.egg-info/PKG-INFO
[0.207s] writing dependency_links to px4_ros_com.egg-info/dependency_links.txt
[0.207s] writing top-level names to px4_ros_com.egg-info/top_level.txt
[0.209s] reading manifest file 'px4_ros_com.egg-info/SOURCES.txt'
[0.209s] writing manifest file 'px4_ros_com.egg-info/SOURCES.txt'
[0.226s] [ 92%] Built target ament_cmake_python_build_px4_ros_com_egg
[7.433s] [100%] [32m[1mLinking CXX executable offboard_control[0m
[7.822s] [100%] Built target offboard_control
[7.831s] Invoked command in '/home/jmj/pro_asp_ws/ws_px4_control/build/px4_ros_com' returned '0': CMAKE_PREFIX_PATH=/home/jmj/pro_asp_ws/ws_px4_control/install/px4_msgs:/home/jmj/pro_asp_ws/ws_px4_control/install/px4_ros_com:/opt/ros/humble LD_LIBRARY_PATH=/home/jmj/pro_asp_ws/ws_px4_control/install/px4_msgs/lib:/home/jmj/pro_asp_ws/ws_px4_control/install/px4_ros_com/lib:/opt/ros/humble/opt/rviz_ogre_vendor/lib:/opt/ros/humble/lib/x86_64-linux-gnu:/opt/ros/humble/lib:/usr/local/cuda/lib64 /usr/bin/cmake --build /home/jmj/pro_asp_ws/ws_px4_control/build/px4_ros_com -- -j20 -l20
[7.832s] Invoking command in '/home/jmj/pro_asp_ws/ws_px4_control/build/px4_ros_com': CMAKE_PREFIX_PATH=/home/jmj/pro_asp_ws/ws_px4_control/install/px4_msgs:/home/jmj/pro_asp_ws/ws_px4_control/install/px4_ros_com:/opt/ros/humble LD_LIBRARY_PATH=/home/jmj/pro_asp_ws/ws_px4_control/install/px4_msgs/lib:/home/jmj/pro_asp_ws/ws_px4_control/install/px4_ros_com/lib:/opt/ros/humble/opt/rviz_ogre_vendor/lib:/opt/ros/humble/lib/x86_64-linux-gnu:/opt/ros/humble/lib:/usr/local/cuda/lib64 /usr/bin/cmake --install /home/jmj/pro_asp_ws/ws_px4_control/build/px4_ros_com
[7.837s] -- Install configuration: ""
[7.837s] -- Up-to-date: /home/jmj/pro_asp_ws/ws_px4_control/install/px4_ros_com/lib/px4_ros_com/sensor_combined_listener
[7.837s] -- Up-to-date: /home/jmj/pro_asp_ws/ws_px4_control/install/px4_ros_com/lib/px4_ros_com/vehicle_gps_position_listener
[7.837s] -- Up-to-date: /home/jmj/pro_asp_ws/ws_px4_control/install/px4_ros_com/lib/px4_ros_com/debug_vect_advertiser
[7.838s] -- Installing: /home/jmj/pro_asp_ws/ws_px4_control/install/px4_ros_com/lib/px4_ros_com/offboard_control
[7.840s] -- Set runtime path of "/home/jmj/pro_asp_ws/ws_px4_control/install/px4_ros_com/lib/px4_ros_com/offboard_control" to ""
[7.840s] -- Up-to-date: /home/jmj/pro_asp_ws/ws_px4_control/install/px4_ros_com/lib/px4_ros_com/offboard_control_srv
[7.841s] -- Up-to-date: /home/jmj/pro_asp_ws/ws_px4_control/install/px4_ros_com/lib/px4_ros_com/cli_pose_command
[7.841s] -- Up-to-date: /home/jmj/pro_asp_ws/ws_px4_control/install/px4_ros_com/share/px4_ros_com/environment/library_path.sh
[7.841s] -- Up-to-date: /home/jmj/pro_asp_ws/ws_px4_control/install/px4_ros_com/share/px4_ros_com/environment/library_path.dsv
[7.841s] -- Up-to-date: /home/jmj/pro_asp_ws/ws_px4_control/install/px4_ros_com/include/px4_ros_com
[7.841s] -- Up-to-date: /home/jmj/pro_asp_ws/ws_px4_control/install/px4_ros_com/include/px4_ros_com/frame_transforms.h
[7.841s] -- Up-to-date: /home/jmj/pro_asp_ws/ws_px4_control/install/px4_ros_com/lib/libframe_transforms.so
[7.841s] -- Up-to-date: /home/jmj/pro_asp_ws/ws_px4_control/install/px4_ros_com/share/px4_ros_com//launch
[7.841s] -- Up-to-date: /home/jmj/pro_asp_ws/ws_px4_control/install/px4_ros_com/share/px4_ros_com//launch/sensor_combined_listener.launch.py
[7.841s] -- Up-to-date: /home/jmj/pro_asp_ws/ws_px4_control/install/px4_ros_com/share/px4_ros_com//launch/offboard_control_launch.yaml
[7.841s] -- Up-to-date: /home/jmj/pro_asp_ws/ws_px4_control/install/px4_ros_com/share/px4_ros_com//test
[7.841s] -- Up-to-date: /home/jmj/pro_asp_ws/ws_px4_control/install/px4_ros_com/share/px4_ros_com//test/test_input.py
[7.841s] -- Up-to-date: /home/jmj/pro_asp_ws/ws_px4_control/install/px4_ros_com/share/px4_ros_com//test/__init__.py
[7.841s] -- Up-to-date: /home/jmj/pro_asp_ws/ws_px4_control/install/px4_ros_com/share/px4_ros_com//test/test_output.py
[7.841s] -- Up-to-date: /home/jmj/pro_asp_ws/ws_px4_control/install/px4_ros_com/share/px4_ros_com//test/pipeline_io_test.py
[7.841s] -- Up-to-date: /home/jmj/pro_asp_ws/ws_px4_control/install/px4_ros_com/share/px4_ros_com/environment/pythonpath.sh
[7.841s] -- Up-to-date: /home/jmj/pro_asp_ws/ws_px4_control/install/px4_ros_com/share/px4_ros_com/environment/pythonpath.dsv
[7.841s] -- Up-to-date: /home/jmj/pro_asp_ws/ws_px4_control/install/px4_ros_com/local/lib/python3.10/dist-packages/px4_ros_com-0.1.0-py3.10.egg-info
[7.841s] -- Installing: /home/jmj/pro_asp_ws/ws_px4_control/install/px4_ros_com/local/lib/python3.10/dist-packages/px4_ros_com-0.1.0-py3.10.egg-info/dependency_links.txt
[7.841s] -- Installing: /home/jmj/pro_asp_ws/ws_px4_control/install/px4_ros_com/local/lib/python3.10/dist-packages/px4_ros_com-0.1.0-py3.10.egg-info/top_level.txt
[7.841s] -- Installing: /home/jmj/pro_asp_ws/ws_px4_control/install/px4_ros_com/local/lib/python3.10/dist-packages/px4_ros_com-0.1.0-py3.10.egg-info/PKG-INFO
[7.841s] -- Installing: /home/jmj/pro_asp_ws/ws_px4_control/install/px4_ros_com/local/lib/python3.10/dist-packages/px4_ros_com-0.1.0-py3.10.egg-info/SOURCES.txt
[7.841s] -- Up-to-date: /home/jmj/pro_asp_ws/ws_px4_control/install/px4_ros_com/local/lib/python3.10/dist-packages/px4_ros_com
[7.841s] -- Up-to-date: /home/jmj/pro_asp_ws/ws_px4_control/install/px4_ros_com/local/lib/python3.10/dist-packages/px4_ros_com/__init__.py
[7.841s] -- Up-to-date: /home/jmj/pro_asp_ws/ws_px4_control/install/px4_ros_com/local/lib/python3.10/dist-packages/px4_ros_com/module_to_import.py
[7.862s] Listing '/home/jmj/pro_asp_ws/ws_px4_control/install/px4_ros_com/local/lib/python3.10/dist-packages/px4_ros_com'...
[7.865s] -- Up-to-date: /home/jmj/pro_asp_ws/ws_px4_control/install/px4_ros_com/lib/px4_ros_com/offboard_control.py
[7.865s] -- Up-to-date: /home/jmj/pro_asp_ws/ws_px4_control/install/px4_ros_com/share/ament_index/resource_index/package_run_dependencies/px4_ros_com
[7.865s] -- Up-to-date: /home/jmj/pro_asp_ws/ws_px4_control/install/px4_ros_com/share/ament_index/resource_index/parent_prefix_path/px4_ros_com
[7.865s] -- Up-to-date: /home/jmj/pro_asp_ws/ws_px4_control/install/px4_ros_com/share/px4_ros_com/environment/ament_prefix_path.sh
[7.865s] -- Up-to-date: /home/jmj/pro_asp_ws/ws_px4_control/install/px4_ros_com/share/px4_ros_com/environment/ament_prefix_path.dsv
[7.865s] -- Up-to-date: /home/jmj/pro_asp_ws/ws_px4_control/install/px4_ros_com/share/px4_ros_com/environment/path.sh
[7.865s] -- Up-to-date: /home/jmj/pro_asp_ws/ws_px4_control/install/px4_ros_com/share/px4_ros_com/environment/path.dsv
[7.865s] -- Up-to-date: /home/jmj/pro_asp_ws/ws_px4_control/install/px4_ros_com/share/px4_ros_com/local_setup.bash
[7.865s] -- Up-to-date: /home/jmj/pro_asp_ws/ws_px4_control/install/px4_ros_com/share/px4_ros_com/local_setup.sh
[7.865s] -- Up-to-date: /home/jmj/pro_asp_ws/ws_px4_control/install/px4_ros_com/share/px4_ros_com/local_setup.zsh
[7.865s] -- Up-to-date: /home/jmj/pro_asp_ws/ws_px4_control/install/px4_ros_com/share/px4_ros_com/local_setup.dsv
[7.865s] -- Installing: /home/jmj/pro_asp_ws/ws_px4_control/install/px4_ros_com/share/px4_ros_com/package.dsv
[7.865s] -- Up-to-date: /home/jmj/pro_asp_ws/ws_px4_control/install/px4_ros_com/share/ament_index/resource_index/packages/px4_ros_com
[7.865s] -- Up-to-date: /home/jmj/pro_asp_ws/ws_px4_control/install/px4_ros_com/share/px4_ros_com/cmake/export_frame_transformsExport.cmake
[7.865s] -- Up-to-date: /home/jmj/pro_asp_ws/ws_px4_control/install/px4_ros_com/share/px4_ros_com/cmake/export_frame_transformsExport-noconfig.cmake
[7.865s] -- Up-to-date: /home/jmj/pro_asp_ws/ws_px4_control/install/px4_ros_com/share/px4_ros_com/cmake/ament_cmake_export_dependencies-extras.cmake
[7.865s] -- Up-to-date: /home/jmj/pro_asp_ws/ws_px4_control/install/px4_ros_com/share/px4_ros_com/cmake/ament_cmake_export_targets-extras.cmake
[7.865s] -- Up-to-date: /home/jmj/pro_asp_ws/ws_px4_control/install/px4_ros_com/share/px4_ros_com/cmake/ament_cmake_export_include_directories-extras.cmake
[7.865s] -- Up-to-date: /home/jmj/pro_asp_ws/ws_px4_control/install/px4_ros_com/share/px4_ros_com/cmake/ament_cmake_export_libraries-extras.cmake
[7.865s] -- Up-to-date: /home/jmj/pro_asp_ws/ws_px4_control/install/px4_ros_com/share/px4_ros_com/cmake/px4_ros_comConfig.cmake
[7.866s] -- Up-to-date: /home/jmj/pro_asp_ws/ws_px4_control/install/px4_ros_com/share/px4_ros_com/cmake/px4_ros_comConfig-version.cmake
[7.866s] -- Up-to-date: /home/jmj/pro_asp_ws/ws_px4_control/install/px4_ros_com/share/px4_ros_com/package.xml
[7.867s] Invoked command in '/home/jmj/pro_asp_ws/ws_px4_control/build/px4_ros_com' returned '0': CMAKE_PREFIX_PATH=/home/jmj/pro_asp_ws/ws_px4_control/install/px4_msgs:/home/jmj/pro_asp_ws/ws_px4_control/install/px4_ros_com:/opt/ros/humble LD_LIBRARY_PATH=/home/jmj/pro_asp_ws/ws_px4_control/install/px4_msgs/lib:/home/jmj/pro_asp_ws/ws_px4_control/install/px4_ros_com/lib:/opt/ros/humble/opt/rviz_ogre_vendor/lib:/opt/ros/humble/lib/x86_64-linux-gnu:/opt/ros/humble/lib:/usr/local/cuda/lib64 /usr/bin/cmake --install /home/jmj/pro_asp_ws/ws_px4_control/build/px4_ros_com
