[31mCMake Error at CMakeLists.txt:74 (add_executable):
  Cannot find source file:

    src/examples/simple_controller/cli_pose_command.cpp

  Tried extensions .c .C .c++ .cc .cpp .cxx .cu .mpp .m .M .mm .ixx .cppm .h
  .hh .h++ .hm .hpp .hxx .in .txx .f .F .for .f77 .f90 .f95 .f03 .hip .ispc

[0m
[31mCMake Error at CMakeLists.txt:78 (add_executable):
  Cannot find source file:

    src/examples/simple_controller/keyboard_velocity_teleop.cpp

  Tried extensions .c .C .c++ .cc .cpp .cxx .cu .mpp .m .M .mm .ixx .cppm .h
  .hh .h++ .hm .hpp .hxx .in .txx .f .F .for .f77 .f90 .f95 .f03 .hip .ispc

[0m
[31mCMake Error at CMakeLists.txt:74 (add_executable):
  No SOURCES given to target: cli_pose_controller

[0m
[31mCMake Error at CMakeLists.txt:78 (add_executable):
  No SOURCES given to target: keyboard_velocity_controller

[0m
[0mCMake Generate step failed.  Build files cannot be regenerated correctly.[0m
gmake: *** [Makefile:500: cmake_check_build_system] Error 1
