[0.005s] Invoking command in '/home/jmj/pro_asp_ws/ws_px4_control/build/px4_ros_com': AMENT_PREFIX_PATH=/home/jmj/pro_asp_ws/ws_px4_control/install/px4_msgs:${AMENT_PREFIX_PATH} CMAKE_PREFIX_PATH=/home/jmj/pro_asp_ws/ws_px4_control/install/px4_msgs:/opt/ros/humble LD_LIBRARY_PATH=/home/jmj/pro_asp_ws/ws_px4_control/install/px4_msgs/lib:${LD_LIBRARY_PATH} PYTHONPATH=/home/jmj/pro_asp_ws/ws_px4_control/install/px4_msgs/local/lib/python3.10/dist-packages:${PYTHONPATH} /usr/bin/cmake --build /home/jmj/pro_asp_ws/ws_px4_control/build/px4_ros_com -- -j20 -l20
[0.021s] -- Found ament_cmake: 1.3.11 (/opt/ros/humble/share/ament_cmake/cmake)
[0.109s] -- Found builtin_interfaces: 1.2.1 (/opt/ros/humble/share/builtin_interfaces/cmake)
[0.123s] -- Found rosidl_generator_c: 3.1.6 (/opt/ros/humble/share/rosidl_generator_c/cmake)
[0.124s] -- Found rosidl_adapter: 3.1.6 (/opt/ros/humble/share/rosidl_adapter/cmake)
[0.128s] -- Found rosidl_generator_cpp: 3.1.6 (/opt/ros/humble/share/rosidl_generator_cpp/cmake)
[0.133s] -- Using all available rosidl_typesupport_c: rosidl_typesupport_fastrtps_c;rosidl_typesupport_introspection_c
[0.140s] -- Using all available rosidl_typesupport_cpp: rosidl_typesupport_fastrtps_cpp;rosidl_typesupport_introspection_cpp
[0.146s] -- Found eigen3_cmake_module: 0.1.1 (/opt/ros/humble/share/eigen3_cmake_module/cmake)
[0.147s] -- Found geometry_msgs: 4.8.0 (/opt/ros/humble/share/geometry_msgs/cmake)
[0.162s] -- Found px4_msgs: 2.0.1 (/home/jmj/pro_asp_ws/ws_px4_control/install/px4_msgs/share/px4_msgs/cmake)
[0.169s] -- Found rclcpp: 16.0.12 (/opt/ros/humble/share/rclcpp/cmake)
[0.184s] -- Found rmw_implementation_cmake: 6.1.2 (/opt/ros/humble/share/rmw_implementation_cmake/cmake)
[0.185s] -- Found rmw_fastrtps_cpp: 6.2.7 (/opt/ros/humble/share/rmw_fastrtps_cpp/cmake)
[0.253s] -- Using RMW implementation 'rmw_fastrtps_cpp' as default
[0.276s] -- Found sensor_msgs: 4.8.0 (/opt/ros/humble/share/sensor_msgs/cmake)
[0.285s] -- Found rclpy: 3.3.16 (/opt/ros/humble/share/rclpy/cmake)
[0.288s] -- Found tf2: 0.25.12 (/opt/ros/humble/share/tf2/cmake)
[0.295s] -- Found tf2_geometry_msgs: 0.25.12 (/opt/ros/humble/share/tf2_geometry_msgs/cmake)
[0.302s] -- Ensuring Eigen3 include directory is part of orocos-kdl CMake target
[0.378s] -- Found ament_lint_auto: 0.12.12 (/opt/ros/humble/share/ament_lint_auto/cmake)
[0.423s] -- Added test 'copyright' to check source files copyright and LICENSE
[0.425s] -- Added test 'cppcheck' to perform static code analysis on C / C++ code
[0.425s] -- Configured cppcheck include dirs: /home/jmj/pro_asp_ws/ws_px4_control/src/px4_ros_com/include;$<BUILD_INTERFACE:/home/jmj/pro_asp_ws/ws_px4_control/src/px4_ros_com/include/px4_ros_com>
[0.425s] -- Configured cppcheck exclude dirs and/or files: 
[0.427s] -- Added test 'cpplint' to check C / C++ code against the Google style
[0.427s] -- Configured cpplint exclude dirs and/or files: 
[0.427s] -- Added test 'flake8' to check Python code syntax and style conventions
[0.428s] -- Added test 'lint_cmake' to check CMake code style
[0.428s] -- Added test 'pep257' to check Python code against some of the docstring style conventions in PEP 257
[0.430s] -- Added test 'uncrustify' to check C / C++ code style
[0.430s] -- Configured uncrustify additional arguments: 
[0.430s] -- Added test 'xmllint' to check XML markup files
[0.431s] -- Configuring done
[0.433s] [31mCMake Error at CMakeLists.txt:74 (add_executable):
[0.434s]   Cannot find source file:
[0.434s] 
[0.434s]     src/examples/simple_controller/cli_pose_command.cpp
[0.434s] 
[0.434s]   Tried extensions .c .C .c++ .cc .cpp .cxx .cu .mpp .m .M .mm .ixx .cppm .h
[0.434s]   .hh .h++ .hm .hpp .hxx .in .txx .f .F .for .f77 .f90 .f95 .f03 .hip .ispc
[0.434s] 
[0.434s] [0m
[0.434s] [31mCMake Error at CMakeLists.txt:78 (add_executable):
[0.434s]   Cannot find source file:
[0.434s] 
[0.434s]     src/examples/simple_controller/keyboard_velocity_teleop.cpp
[0.434s] 
[0.434s]   Tried extensions .c .C .c++ .cc .cpp .cxx .cu .mpp .m .M .mm .ixx .cppm .h
[0.434s]   .hh .h++ .hm .hpp .hxx .in .txx .f .F .for .f77 .f90 .f95 .f03 .hip .ispc
[0.434s] 
[0.434s] [0m
[0.434s] [31mCMake Error at CMakeLists.txt:74 (add_executable):
[0.434s]   No SOURCES given to target: cli_pose_controller
[0.434s] 
[0.434s] [0m
[0.434s] [31mCMake Error at CMakeLists.txt:78 (add_executable):
[0.434s]   No SOURCES given to target: keyboard_velocity_controller
[0.434s] 
[0.434s] [0m
[0.434s] [0mCMake Generate step failed.  Build files cannot be regenerated correctly.[0m
[0.439s] gmake: *** [Makefile:500: cmake_check_build_system] Error 1
[0.441s] Invoked command in '/home/jmj/pro_asp_ws/ws_px4_control/build/px4_ros_com' returned '2': AMENT_PREFIX_PATH=/home/jmj/pro_asp_ws/ws_px4_control/install/px4_msgs:${AMENT_PREFIX_PATH} CMAKE_PREFIX_PATH=/home/jmj/pro_asp_ws/ws_px4_control/install/px4_msgs:/opt/ros/humble LD_LIBRARY_PATH=/home/jmj/pro_asp_ws/ws_px4_control/install/px4_msgs/lib:${LD_LIBRARY_PATH} PYTHONPATH=/home/jmj/pro_asp_ws/ws_px4_control/install/px4_msgs/local/lib/python3.10/dist-packages:${PYTHONPATH} /usr/bin/cmake --build /home/jmj/pro_asp_ws/ws_px4_control/build/px4_ros_com -- -j20 -l20
