[0.005s] Invoking command in '/home/jmj/pro_asp_ws/ws_px4_control/build/px4_ros_com': AMENT_PREFIX_PATH=/home/jmj/pro_asp_ws/ws_px4_control/install/px4_msgs:${AMENT_PREFIX_PATH} CMAKE_PREFIX_PATH=/home/jmj/pro_asp_ws/ws_px4_control/install/px4_msgs:/opt/ros/humble LD_LIBRARY_PATH=/home/jmj/pro_asp_ws/ws_px4_control/install/px4_msgs/lib:${LD_LIBRARY_PATH} PYTHONPATH=/home/jmj/pro_asp_ws/ws_px4_control/install/px4_msgs/local/lib/python3.10/dist-packages:${PYTHONPATH} /usr/bin/cmake --build /home/jmj/pro_asp_ws/ws_px4_control/build/px4_ros_com -- -j20 -l20
[0.022s] -- Found ament_cmake: 1.3.11 (/opt/ros/humble/share/ament_cmake/cmake)
[0.101s] -- Found builtin_interfaces: 1.2.1 (/opt/ros/humble/share/builtin_interfaces/cmake)
[0.116s] -- Found rosidl_generator_c: 3.1.6 (/opt/ros/humble/share/rosidl_generator_c/cmake)
[0.117s] -- Found rosidl_adapter: 3.1.6 (/opt/ros/humble/share/rosidl_adapter/cmake)
[0.120s] -- Found rosidl_generator_cpp: 3.1.6 (/opt/ros/humble/share/rosidl_generator_cpp/cmake)
[0.125s] -- Using all available rosidl_typesupport_c: rosidl_typesupport_fastrtps_c;rosidl_typesupport_introspection_c
[0.132s] -- Using all available rosidl_typesupport_cpp: rosidl_typesupport_fastrtps_cpp;rosidl_typesupport_introspection_cpp
[0.139s] -- Found eigen3_cmake_module: 0.1.1 (/opt/ros/humble/share/eigen3_cmake_module/cmake)
[0.140s] -- Found geometry_msgs: 4.8.0 (/opt/ros/humble/share/geometry_msgs/cmake)
[0.154s] -- Found px4_msgs: 2.0.1 (/home/jmj/pro_asp_ws/ws_px4_control/install/px4_msgs/share/px4_msgs/cmake)
[0.160s] -- Found rclcpp: 16.0.12 (/opt/ros/humble/share/rclcpp/cmake)
[0.174s] -- Found rmw_implementation_cmake: 6.1.2 (/opt/ros/humble/share/rmw_implementation_cmake/cmake)
[0.175s] -- Found rmw_fastrtps_cpp: 6.2.7 (/opt/ros/humble/share/rmw_fastrtps_cpp/cmake)
[0.243s] -- Using RMW implementation 'rmw_fastrtps_cpp' as default
[0.264s] -- Found sensor_msgs: 4.8.0 (/opt/ros/humble/share/sensor_msgs/cmake)
[0.274s] -- Found rclpy: 3.3.16 (/opt/ros/humble/share/rclpy/cmake)
[0.274s] -- Found tf2: 0.25.12 (/opt/ros/humble/share/tf2/cmake)
[0.276s] -- Found tf2_geometry_msgs: 0.25.12 (/opt/ros/humble/share/tf2_geometry_msgs/cmake)
[0.279s] -- Ensuring Eigen3 include directory is part of orocos-kdl CMake target
[0.329s] -- Found ament_lint_auto: 0.12.12 (/opt/ros/humble/share/ament_lint_auto/cmake)
[0.377s] -- Added test 'copyright' to check source files copyright and LICENSE
[0.379s] -- Added test 'cppcheck' to perform static code analysis on C / C++ code
[0.379s] -- Configured cppcheck include dirs: /home/jmj/pro_asp_ws/ws_px4_control/src/px4_ros_com/include;$<BUILD_INTERFACE:/home/jmj/pro_asp_ws/ws_px4_control/src/px4_ros_com/include/px4_ros_com>
[0.379s] -- Configured cppcheck exclude dirs and/or files: 
[0.381s] -- Added test 'cpplint' to check C / C++ code against the Google style
[0.381s] -- Configured cpplint exclude dirs and/or files: 
[0.381s] -- Added test 'flake8' to check Python code syntax and style conventions
[0.381s] -- Added test 'lint_cmake' to check CMake code style
[0.382s] -- Added test 'pep257' to check Python code against some of the docstring style conventions in PEP 257
[0.383s] -- Added test 'uncrustify' to check C / C++ code style
[0.384s] -- Configured uncrustify additional arguments: 
[0.384s] -- Added test 'xmllint' to check XML markup files
[0.384s] -- Configuring done
[0.402s] -- Generating done
[0.409s] -- Build files have been written to: /home/jmj/pro_asp_ws/ws_px4_control/build/px4_ros_com
[0.427s] [35m[1mConsolidate compiler generated dependencies of target frame_transforms[0m
[0.427s] [35m[1mConsolidate compiler generated dependencies of target debug_vect_advertiser[0m
[0.427s] [35m[1mConsolidate compiler generated dependencies of target vehicle_gps_position_listener[0m
[0.428s] [35m[1mConsolidate compiler generated dependencies of target offboard_control_srv[0m
[0.428s] [35m[1mConsolidate compiler generated dependencies of target offboard_control[0m
[0.429s] [35m[1mConsolidate compiler generated dependencies of target sensor_combined_listener[0m
[0.433s] [  7%] [32mBuilding CXX object CMakeFiles/cli_pose_command.dir/src/examples/offboard/cli_pose_command.cpp.o[0m
[0.436s] [ 21%] Built target frame_transforms
[0.436s] [ 35%] Built target vehicle_gps_position_listener
[0.436s] [ 50%] Built target debug_vect_advertiser
[0.439s] [ 64%] Built target offboard_control_srv
[0.439s] [ 64%] Built target ament_cmake_python_copy_px4_ros_com
[0.439s] [ 71%] [32mBuilding CXX object CMakeFiles/offboard_control.dir/src/examples/offboard/offboard_control.cpp.o[0m
[0.440s] [ 85%] Built target sensor_combined_listener
[0.599s] running egg_info
[0.600s] writing px4_ros_com.egg-info/PKG-INFO
[0.600s] writing dependency_links to px4_ros_com.egg-info/dependency_links.txt
[0.600s] writing top-level names to px4_ros_com.egg-info/top_level.txt
[0.602s] reading manifest file 'px4_ros_com.egg-info/SOURCES.txt'
[0.602s] writing manifest file 'px4_ros_com.egg-info/SOURCES.txt'
[0.620s] [ 85%] Built target ament_cmake_python_build_px4_ros_com_egg
[3.044s] [ 92%] [32m[1mLinking CXX executable cli_pose_command[0m
[3.179s] [ 92%] Built target cli_pose_command
[7.753s] [100%] [32m[1mLinking CXX executable offboard_control[0m
[8.161s] [100%] Built target offboard_control
[8.169s] Invoked command in '/home/jmj/pro_asp_ws/ws_px4_control/build/px4_ros_com' returned '0': AMENT_PREFIX_PATH=/home/jmj/pro_asp_ws/ws_px4_control/install/px4_msgs:${AMENT_PREFIX_PATH} CMAKE_PREFIX_PATH=/home/jmj/pro_asp_ws/ws_px4_control/install/px4_msgs:/opt/ros/humble LD_LIBRARY_PATH=/home/jmj/pro_asp_ws/ws_px4_control/install/px4_msgs/lib:${LD_LIBRARY_PATH} PYTHONPATH=/home/jmj/pro_asp_ws/ws_px4_control/install/px4_msgs/local/lib/python3.10/dist-packages:${PYTHONPATH} /usr/bin/cmake --build /home/jmj/pro_asp_ws/ws_px4_control/build/px4_ros_com -- -j20 -l20
[8.170s] Invoking command in '/home/jmj/pro_asp_ws/ws_px4_control/build/px4_ros_com': AMENT_PREFIX_PATH=/home/jmj/pro_asp_ws/ws_px4_control/install/px4_msgs:${AMENT_PREFIX_PATH} CMAKE_PREFIX_PATH=/home/jmj/pro_asp_ws/ws_px4_control/install/px4_msgs:/opt/ros/humble LD_LIBRARY_PATH=/home/jmj/pro_asp_ws/ws_px4_control/install/px4_msgs/lib:${LD_LIBRARY_PATH} PYTHONPATH=/home/jmj/pro_asp_ws/ws_px4_control/install/px4_msgs/local/lib/python3.10/dist-packages:${PYTHONPATH} /usr/bin/cmake --install /home/jmj/pro_asp_ws/ws_px4_control/build/px4_ros_com
[8.176s] -- Install configuration: ""
[8.176s] -- Up-to-date: /home/jmj/pro_asp_ws/ws_px4_control/install/px4_ros_com/lib/px4_ros_com/sensor_combined_listener
[8.176s] -- Up-to-date: /home/jmj/pro_asp_ws/ws_px4_control/install/px4_ros_com/lib/px4_ros_com/vehicle_gps_position_listener
[8.176s] -- Up-to-date: /home/jmj/pro_asp_ws/ws_px4_control/install/px4_ros_com/lib/px4_ros_com/debug_vect_advertiser
[8.176s] -- Installing: /home/jmj/pro_asp_ws/ws_px4_control/install/px4_ros_com/lib/px4_ros_com/offboard_control
[8.179s] -- Set runtime path of "/home/jmj/pro_asp_ws/ws_px4_control/install/px4_ros_com/lib/px4_ros_com/offboard_control" to ""
[8.179s] -- Up-to-date: /home/jmj/pro_asp_ws/ws_px4_control/install/px4_ros_com/lib/px4_ros_com/offboard_control_srv
[8.179s] -- Installing: /home/jmj/pro_asp_ws/ws_px4_control/install/px4_ros_com/lib/px4_ros_com/cli_pose_command
[8.180s] -- Set runtime path of "/home/jmj/pro_asp_ws/ws_px4_control/install/px4_ros_com/lib/px4_ros_com/cli_pose_command" to ""
[8.180s] -- Up-to-date: /home/jmj/pro_asp_ws/ws_px4_control/install/px4_ros_com/share/px4_ros_com/environment/library_path.sh
[8.180s] -- Installing: /home/jmj/pro_asp_ws/ws_px4_control/install/px4_ros_com/share/px4_ros_com/environment/library_path.dsv
[8.180s] -- Up-to-date: /home/jmj/pro_asp_ws/ws_px4_control/install/px4_ros_com/include/px4_ros_com
[8.180s] -- Up-to-date: /home/jmj/pro_asp_ws/ws_px4_control/install/px4_ros_com/include/px4_ros_com/frame_transforms.h
[8.180s] -- Up-to-date: /home/jmj/pro_asp_ws/ws_px4_control/install/px4_ros_com/lib/libframe_transforms.so
[8.181s] -- Up-to-date: /home/jmj/pro_asp_ws/ws_px4_control/install/px4_ros_com/share/px4_ros_com//launch
[8.181s] -- Up-to-date: /home/jmj/pro_asp_ws/ws_px4_control/install/px4_ros_com/share/px4_ros_com//launch/sensor_combined_listener.launch.py
[8.181s] -- Up-to-date: /home/jmj/pro_asp_ws/ws_px4_control/install/px4_ros_com/share/px4_ros_com//launch/offboard_control_launch.yaml
[8.181s] -- Up-to-date: /home/jmj/pro_asp_ws/ws_px4_control/install/px4_ros_com/share/px4_ros_com//test
[8.181s] -- Up-to-date: /home/jmj/pro_asp_ws/ws_px4_control/install/px4_ros_com/share/px4_ros_com//test/test_input.py
[8.181s] -- Up-to-date: /home/jmj/pro_asp_ws/ws_px4_control/install/px4_ros_com/share/px4_ros_com//test/__init__.py
[8.181s] -- Up-to-date: /home/jmj/pro_asp_ws/ws_px4_control/install/px4_ros_com/share/px4_ros_com//test/test_output.py
[8.181s] -- Up-to-date: /home/jmj/pro_asp_ws/ws_px4_control/install/px4_ros_com/share/px4_ros_com//test/pipeline_io_test.py
[8.181s] -- Up-to-date: /home/jmj/pro_asp_ws/ws_px4_control/install/px4_ros_com/share/px4_ros_com/environment/pythonpath.sh
[8.181s] -- Installing: /home/jmj/pro_asp_ws/ws_px4_control/install/px4_ros_com/share/px4_ros_com/environment/pythonpath.dsv
[8.181s] -- Up-to-date: /home/jmj/pro_asp_ws/ws_px4_control/install/px4_ros_com/local/lib/python3.10/dist-packages/px4_ros_com-0.1.0-py3.10.egg-info
[8.181s] -- Installing: /home/jmj/pro_asp_ws/ws_px4_control/install/px4_ros_com/local/lib/python3.10/dist-packages/px4_ros_com-0.1.0-py3.10.egg-info/dependency_links.txt
[8.181s] -- Installing: /home/jmj/pro_asp_ws/ws_px4_control/install/px4_ros_com/local/lib/python3.10/dist-packages/px4_ros_com-0.1.0-py3.10.egg-info/top_level.txt
[8.181s] -- Installing: /home/jmj/pro_asp_ws/ws_px4_control/install/px4_ros_com/local/lib/python3.10/dist-packages/px4_ros_com-0.1.0-py3.10.egg-info/PKG-INFO
[8.181s] -- Installing: /home/jmj/pro_asp_ws/ws_px4_control/install/px4_ros_com/local/lib/python3.10/dist-packages/px4_ros_com-0.1.0-py3.10.egg-info/SOURCES.txt
[8.181s] -- Up-to-date: /home/jmj/pro_asp_ws/ws_px4_control/install/px4_ros_com/local/lib/python3.10/dist-packages/px4_ros_com
[8.181s] -- Up-to-date: /home/jmj/pro_asp_ws/ws_px4_control/install/px4_ros_com/local/lib/python3.10/dist-packages/px4_ros_com/__init__.py
[8.181s] -- Up-to-date: /home/jmj/pro_asp_ws/ws_px4_control/install/px4_ros_com/local/lib/python3.10/dist-packages/px4_ros_com/module_to_import.py
[8.201s] Listing '/home/jmj/pro_asp_ws/ws_px4_control/install/px4_ros_com/local/lib/python3.10/dist-packages/px4_ros_com'...
[8.203s] -- Up-to-date: /home/jmj/pro_asp_ws/ws_px4_control/install/px4_ros_com/lib/px4_ros_com/offboard_control.py
[8.203s] -- Installing: /home/jmj/pro_asp_ws/ws_px4_control/install/px4_ros_com/share/ament_index/resource_index/package_run_dependencies/px4_ros_com
[8.203s] -- Up-to-date: /home/jmj/pro_asp_ws/ws_px4_control/install/px4_ros_com/share/ament_index/resource_index/parent_prefix_path/px4_ros_com
[8.203s] -- Up-to-date: /home/jmj/pro_asp_ws/ws_px4_control/install/px4_ros_com/share/px4_ros_com/environment/ament_prefix_path.sh
[8.203s] -- Installing: /home/jmj/pro_asp_ws/ws_px4_control/install/px4_ros_com/share/px4_ros_com/environment/ament_prefix_path.dsv
[8.204s] -- Up-to-date: /home/jmj/pro_asp_ws/ws_px4_control/install/px4_ros_com/share/px4_ros_com/environment/path.sh
[8.204s] -- Installing: /home/jmj/pro_asp_ws/ws_px4_control/install/px4_ros_com/share/px4_ros_com/environment/path.dsv
[8.204s] -- Up-to-date: /home/jmj/pro_asp_ws/ws_px4_control/install/px4_ros_com/share/px4_ros_com/local_setup.bash
[8.204s] -- Up-to-date: /home/jmj/pro_asp_ws/ws_px4_control/install/px4_ros_com/share/px4_ros_com/local_setup.sh
[8.204s] -- Up-to-date: /home/jmj/pro_asp_ws/ws_px4_control/install/px4_ros_com/share/px4_ros_com/local_setup.zsh
[8.204s] -- Installing: /home/jmj/pro_asp_ws/ws_px4_control/install/px4_ros_com/share/px4_ros_com/local_setup.dsv
[8.204s] -- Installing: /home/jmj/pro_asp_ws/ws_px4_control/install/px4_ros_com/share/px4_ros_com/package.dsv
[8.204s] -- Up-to-date: /home/jmj/pro_asp_ws/ws_px4_control/install/px4_ros_com/share/ament_index/resource_index/packages/px4_ros_com
[8.204s] -- Up-to-date: /home/jmj/pro_asp_ws/ws_px4_control/install/px4_ros_com/share/px4_ros_com/cmake/export_frame_transformsExport.cmake
[8.204s] -- Up-to-date: /home/jmj/pro_asp_ws/ws_px4_control/install/px4_ros_com/share/px4_ros_com/cmake/export_frame_transformsExport-noconfig.cmake
[8.204s] -- Up-to-date: /home/jmj/pro_asp_ws/ws_px4_control/install/px4_ros_com/share/px4_ros_com/cmake/ament_cmake_export_dependencies-extras.cmake
[8.204s] -- Up-to-date: /home/jmj/pro_asp_ws/ws_px4_control/install/px4_ros_com/share/px4_ros_com/cmake/ament_cmake_export_targets-extras.cmake
[8.204s] -- Up-to-date: /home/jmj/pro_asp_ws/ws_px4_control/install/px4_ros_com/share/px4_ros_com/cmake/ament_cmake_export_include_directories-extras.cmake
[8.204s] -- Up-to-date: /home/jmj/pro_asp_ws/ws_px4_control/install/px4_ros_com/share/px4_ros_com/cmake/ament_cmake_export_libraries-extras.cmake
[8.204s] -- Up-to-date: /home/jmj/pro_asp_ws/ws_px4_control/install/px4_ros_com/share/px4_ros_com/cmake/px4_ros_comConfig.cmake
[8.204s] -- Up-to-date: /home/jmj/pro_asp_ws/ws_px4_control/install/px4_ros_com/share/px4_ros_com/cmake/px4_ros_comConfig-version.cmake
[8.204s] -- Installing: /home/jmj/pro_asp_ws/ws_px4_control/install/px4_ros_com/share/px4_ros_com/package.xml
[8.206s] Invoked command in '/home/jmj/pro_asp_ws/ws_px4_control/build/px4_ros_com' returned '0': AMENT_PREFIX_PATH=/home/jmj/pro_asp_ws/ws_px4_control/install/px4_msgs:${AMENT_PREFIX_PATH} CMAKE_PREFIX_PATH=/home/jmj/pro_asp_ws/ws_px4_control/install/px4_msgs:/opt/ros/humble LD_LIBRARY_PATH=/home/jmj/pro_asp_ws/ws_px4_control/install/px4_msgs/lib:${LD_LIBRARY_PATH} PYTHONPATH=/home/jmj/pro_asp_ws/ws_px4_control/install/px4_msgs/local/lib/python3.10/dist-packages:${PYTHONPATH} /usr/bin/cmake --install /home/jmj/pro_asp_ws/ws_px4_control/build/px4_ros_com
