[0.007s] Invoking command in '/home/kyj/ws_px4_control/src/uav_controller_pkg/build/uav_controller_pkg': CMAKE_PREFIX_PATH=${CMAKE_PREFIX_PATH}:/opt/ros/humble /usr/bin/cmake /home/kyj/ws_px4_control/src/uav_controller_pkg -DAMENT_CMAKE_SYMLINK_INSTALL=1 -DCMAKE_INSTALL_PREFIX=/home/kyj/ws_px4_control/src/uav_controller_pkg/install/uav_controller_pkg
[0.047s] -- The C compiler identification is GNU 11.4.0
[0.083s] -- The CXX compiler identification is GNU 11.4.0
[0.089s] -- Detecting C compiler ABI info
[0.142s] -- Detecting C compiler ABI info - done
[0.146s] -- Check for working C compiler: /usr/bin/cc - skipped
[0.146s] -- Detecting C compile features
[0.147s] -- Detecting C compile features - done
[0.149s] -- Detecting CXX compiler ABI info
[0.210s] -- Detecting CXX compiler ABI info - done
[0.215s] -- Check for working CXX compiler: /usr/bin/c++ - skipped
[0.215s] -- Detecting CXX compile features
[0.216s] -- Detecting CXX compile features - done
[0.218s] -- Found ament_cmake: 1.3.11 (/opt/ros/humble/share/ament_cmake/cmake)
[0.459s] -- Found Python3: /usr/bin/python3 (found version "3.10.12") found components: Interpreter 
[0.500s] -- Override CMake install command with custom implementation using symlinks instead of copying resources
[0.525s] -- Found rclcpp: 16.0.11 (/opt/ros/humble/share/rclcpp/cmake)
[0.556s] -- Found rosidl_generator_c: 3.1.6 (/opt/ros/humble/share/rosidl_generator_c/cmake)
[0.560s] -- Found rosidl_adapter: 3.1.6 (/opt/ros/humble/share/rosidl_adapter/cmake)
[0.566s] -- Found rosidl_generator_cpp: 3.1.6 (/opt/ros/humble/share/rosidl_generator_cpp/cmake)
[0.575s] -- Using all available rosidl_typesupport_c: rosidl_typesupport_fastrtps_c;rosidl_typesupport_introspection_c
[0.586s] -- Using all available rosidl_typesupport_cpp: rosidl_typesupport_fastrtps_cpp;rosidl_typesupport_introspection_cpp
[0.618s] -- Found rmw_implementation_cmake: 6.1.2 (/opt/ros/humble/share/rmw_implementation_cmake/cmake)
[0.620s] -- Found rmw_fastrtps_cpp: 6.2.7 (/opt/ros/humble/share/rmw_fastrtps_cpp/cmake)
[0.690s] -- Found OpenSSL: /usr/lib/x86_64-linux-gnu/libcrypto.so (found version "3.0.2")  
[0.710s] -- Found FastRTPS: /opt/ros/humble/include  
[0.745s] -- Using RMW implementation 'rmw_fastrtps_cpp' as default
[0.751s] -- Looking for pthread.h
[0.810s] -- Looking for pthread.h - found
[0.810s] -- Performing Test CMAKE_HAVE_LIBC_PTHREAD
[0.867s] -- Performing Test CMAKE_HAVE_LIBC_PTHREAD - Success
[0.868s] -- Found Threads: TRUE  
[0.901s] -- Found geometry_msgs: 4.2.4 (/opt/ros/humble/share/geometry_msgs/cmake)
[0.917s] [31mCMake Error at CMakeLists.txt:12 (find_package):
[0.917s]   By not providing "Findpx4_msgs.cmake" in CMAKE_MODULE_PATH this project has
[0.917s]   asked CMake to find a package configuration file provided by "px4_msgs",
[0.918s]   but CMake did not find one.
[0.918s] 
[0.918s]   Could not find a package configuration file provided by "px4_msgs" with any
[0.918s]   of the following names:
[0.918s] 
[0.918s]     px4_msgsConfig.cmake
[0.918s]     px4_msgs-config.cmake
[0.918s] 
[0.918s]   Add the installation prefix of "px4_msgs" to CMAKE_PREFIX_PATH or set
[0.918s]   "px4_msgs_DIR" to a directory containing one of the above files.  If
[0.918s]   "px4_msgs" provides a separate development package or SDK, be sure it has
[0.918s]   been installed.
[0.918s] 
[0.918s] [0m
[0.918s] -- Configuring incomplete, errors occurred!
[0.918s] See also "/home/kyj/ws_px4_control/src/uav_controller_pkg/build/uav_controller_pkg/CMakeFiles/CMakeOutput.log".
[0.925s] Invoked command in '/home/kyj/ws_px4_control/src/uav_controller_pkg/build/uav_controller_pkg' returned '1': CMAKE_PREFIX_PATH=${CMAKE_PREFIX_PATH}:/opt/ros/humble /usr/bin/cmake /home/kyj/ws_px4_control/src/uav_controller_pkg -DAMENT_CMAKE_SYMLINK_INSTALL=1 -DCMAKE_INSTALL_PREFIX=/home/kyj/ws_px4_control/src/uav_controller_pkg/install/uav_controller_pkg
