[0.066s] DEBUG:colcon:Command line arguments: ['/usr/bin/colcon', 'build', '--symlink-install']
[0.066s] DEBUG:colcon:Parsed command line arguments: Namespace(log_base=None, log_level=None, verb_name='build', build_base='build', install_base='install', merge_install=False, symlink_install=True, test_result_base=None, continue_on_error=False, executor='parallel', parallel_workers=12, event_handlers=None, ignore_user_meta=False, metas=['./colcon.meta'], base_paths=['.'], packages_ignore=None, packages_ignore_regex=None, paths=None, packages_up_to=None, packages_up_to_regex=None, packages_above=None, packages_above_and_dependencies=None, packages_above_depth=None, packages_select_by_dep=None, packages_skip_by_dep=None, packages_skip_up_to=None, packages_select_build_failed=False, packages_skip_build_finished=False, packages_select_test_failures=False, packages_skip_test_passed=False, packages_select=None, packages_skip=None, packages_select_regex=None, packages_skip_regex=None, packages_start=None, packages_end=None, allow_overriding=[], cmake_args=None, cmake_target=None, cmake_target_skip_unavailable=False, cmake_clean_cache=False, cmake_clean_first=False, cmake_force_configure=False, ament_cmake_args=None, catkin_cmake_args=None, catkin_skip_building_tests=False, mixin_files=None, mixin=None, verb_parser=<colcon_mixin.mixin.mixin_argument.MixinArgumentDecorator object at 0x7dbf2fb94520>, verb_extension=<colcon_core.verb.build.BuildVerb object at 0x7dbf2fb26860>, main=<bound method BuildVerb.main of <colcon_core.verb.build.BuildVerb object at 0x7dbf2fb26860>>, mixin_verb=('build',))
[0.090s] Level 1:colcon.colcon_core.package_discovery:discover_packages(colcon_meta) check parameters
[0.090s] Level 1:colcon.colcon_core.package_discovery:discover_packages(recursive) check parameters
[0.090s] Level 1:colcon.colcon_core.package_discovery:discover_packages(ignore) check parameters
[0.090s] Level 1:colcon.colcon_core.package_discovery:discover_packages(path) check parameters
[0.090s] Level 1:colcon.colcon_core.package_discovery:discover_packages(colcon_meta) discover
[0.090s] Level 1:colcon.colcon_core.package_discovery:discover_packages(recursive) discover
[0.090s] INFO:colcon.colcon_core.package_discovery:Crawling recursively for packages in '/home/kyj/ws_px4_control/src/uav_controller_pkg'
[0.090s] Level 1:colcon.colcon_core.package_identification:_identify(.) by extensions ['ignore', 'ignore_ament_install']
[0.090s] Level 1:colcon.colcon_core.package_identification:_identify(.) by extension 'ignore'
[0.090s] Level 1:colcon.colcon_core.package_identification:_identify(.) by extension 'ignore_ament_install'
[0.090s] Level 1:colcon.colcon_core.package_identification:_identify(.) by extensions ['colcon_pkg']
[0.090s] Level 1:colcon.colcon_core.package_identification:_identify(.) by extension 'colcon_pkg'
[0.090s] Level 1:colcon.colcon_core.package_identification:_identify(.) by extensions ['colcon_meta']
[0.090s] Level 1:colcon.colcon_core.package_identification:_identify(.) by extension 'colcon_meta'
[0.090s] Level 1:colcon.colcon_core.package_identification:_identify(.) by extensions ['ros']
[0.090s] Level 1:colcon.colcon_core.package_identification:_identify(.) by extension 'ros'
[0.101s] DEBUG:colcon.colcon_core.package_identification:Package '.' with type 'ros.ament_cmake' and name 'uav_controller_pkg'
[0.101s] Level 1:colcon.colcon_core.package_discovery:discover_packages(recursive) using defaults
[0.101s] Level 1:colcon.colcon_core.package_discovery:discover_packages(ignore) discover
[0.101s] Level 1:colcon.colcon_core.package_discovery:discover_packages(ignore) using defaults
[0.101s] Level 1:colcon.colcon_core.package_discovery:discover_packages(path) discover
[0.101s] Level 1:colcon.colcon_core.package_discovery:discover_packages(path) using defaults
[0.112s] Level 1:colcon.colcon_core.package_discovery:discover_packages(prefix_path) check parameters
[0.112s] Level 1:colcon.colcon_core.package_discovery:discover_packages(prefix_path) discover
[0.114s] DEBUG:colcon.colcon_installed_package_information.package_discovery:Found 5 installed packages in /home/kyj/catkin_ws/install
[0.115s] DEBUG:colcon.colcon_installed_package_information.package_discovery:Found 350 installed packages in /opt/ros/humble
[0.115s] Level 1:colcon.colcon_core.package_discovery:discover_packages(prefix_path) using defaults
[0.139s] Level 5:colcon.colcon_core.verb:set package 'uav_controller_pkg' build argument 'cmake_args' from command line to 'None'
[0.139s] Level 5:colcon.colcon_core.verb:set package 'uav_controller_pkg' build argument 'cmake_target' from command line to 'None'
[0.139s] Level 5:colcon.colcon_core.verb:set package 'uav_controller_pkg' build argument 'cmake_target_skip_unavailable' from command line to 'False'
[0.139s] Level 5:colcon.colcon_core.verb:set package 'uav_controller_pkg' build argument 'cmake_clean_cache' from command line to 'False'
[0.139s] Level 5:colcon.colcon_core.verb:set package 'uav_controller_pkg' build argument 'cmake_clean_first' from command line to 'False'
[0.139s] Level 5:colcon.colcon_core.verb:set package 'uav_controller_pkg' build argument 'cmake_force_configure' from command line to 'False'
[0.139s] Level 5:colcon.colcon_core.verb:set package 'uav_controller_pkg' build argument 'ament_cmake_args' from command line to 'None'
[0.139s] Level 5:colcon.colcon_core.verb:set package 'uav_controller_pkg' build argument 'catkin_cmake_args' from command line to 'None'
[0.140s] Level 5:colcon.colcon_core.verb:set package 'uav_controller_pkg' build argument 'catkin_skip_building_tests' from command line to 'False'
[0.140s] DEBUG:colcon.colcon_core.verb:Building package 'uav_controller_pkg' with the following arguments: {'ament_cmake_args': None, 'build_base': '/home/kyj/ws_px4_control/src/uav_controller_pkg/build/uav_controller_pkg', 'catkin_cmake_args': None, 'catkin_skip_building_tests': False, 'cmake_args': None, 'cmake_clean_cache': False, 'cmake_clean_first': False, 'cmake_force_configure': False, 'cmake_target': None, 'cmake_target_skip_unavailable': False, 'install_base': '/home/kyj/ws_px4_control/src/uav_controller_pkg/install/uav_controller_pkg', 'merge_install': False, 'path': '/home/kyj/ws_px4_control/src/uav_controller_pkg', 'symlink_install': True, 'test_result_base': None}
[0.140s] INFO:colcon.colcon_core.executor:Executing jobs using 'parallel' executor
[0.140s] DEBUG:colcon.colcon_parallel_executor.executor.parallel:run_until_complete
[0.140s] INFO:colcon.colcon_ros.task.ament_cmake.build:Building ROS package in '/home/kyj/ws_px4_control/src/uav_controller_pkg' with build type 'ament_cmake'
[0.140s] INFO:colcon.colcon_cmake.task.cmake.build:Building CMake package in '/home/kyj/ws_px4_control/src/uav_controller_pkg'
[0.141s] INFO:colcon.colcon_core.plugin_system:Skipping extension 'colcon_core.shell.bat': Not used on non-Windows systems
[0.142s] INFO:colcon.colcon_core.shell:Skip shell extension 'powershell' for command environment: Not usable outside of PowerShell
[0.142s] DEBUG:colcon.colcon_core.shell:Skip shell extension 'dsv' for command environment
[0.147s] DEBUG:colcon.colcon_core.event_handler.log_command:Invoking command in '/home/kyj/ws_px4_control/src/uav_controller_pkg/build/uav_controller_pkg': CMAKE_PREFIX_PATH=${CMAKE_PREFIX_PATH}:/opt/ros/humble /usr/bin/cmake /home/kyj/ws_px4_control/src/uav_controller_pkg -DAMENT_CMAKE_SYMLINK_INSTALL=1 -DCMAKE_INSTALL_PREFIX=/home/kyj/ws_px4_control/src/uav_controller_pkg/install/uav_controller_pkg
[1.066s] DEBUG:colcon.colcon_core.event_handler.log_command:Invoked command in '/home/kyj/ws_px4_control/src/uav_controller_pkg/build/uav_controller_pkg' returned '1': CMAKE_PREFIX_PATH=${CMAKE_PREFIX_PATH}:/opt/ros/humble /usr/bin/cmake /home/kyj/ws_px4_control/src/uav_controller_pkg -DAMENT_CMAKE_SYMLINK_INSTALL=1 -DCMAKE_INSTALL_PREFIX=/home/kyj/ws_px4_control/src/uav_controller_pkg/install/uav_controller_pkg
[1.076s] Level 1:colcon.colcon_core.environment:create_environment_scripts_only(uav_controller_pkg)
[1.078s] Level 1:colcon.colcon_core.environment:checking '/home/kyj/ws_px4_control/src/uav_controller_pkg/install/uav_controller_pkg' for CMake module files
[1.078s] Level 1:colcon.colcon_core.environment:checking '/home/kyj/ws_px4_control/src/uav_controller_pkg/install/uav_controller_pkg' for CMake config files
[1.079s] Level 1:colcon.colcon_core.environment:checking '/home/kyj/ws_px4_control/src/uav_controller_pkg/install/uav_controller_pkg/bin'
[1.079s] Level 1:colcon.colcon_core.environment:checking '/home/kyj/ws_px4_control/src/uav_controller_pkg/install/uav_controller_pkg/lib/pkgconfig/uav_controller_pkg.pc'
[1.079s] Level 1:colcon.colcon_core.environment:checking '/home/kyj/ws_px4_control/src/uav_controller_pkg/install/uav_controller_pkg/lib/python3.10/site-packages'
[1.079s] Level 1:colcon.colcon_core.environment:checking '/home/kyj/ws_px4_control/src/uav_controller_pkg/install/uav_controller_pkg/bin'
[1.079s] INFO:colcon.colcon_core.shell:Creating package script '/home/kyj/ws_px4_control/src/uav_controller_pkg/install/uav_controller_pkg/share/uav_controller_pkg/package.ps1'
[1.080s] INFO:colcon.colcon_core.shell:Creating package descriptor '/home/kyj/ws_px4_control/src/uav_controller_pkg/install/uav_controller_pkg/share/uav_controller_pkg/package.dsv'
[1.080s] INFO:colcon.colcon_core.shell:Creating package script '/home/kyj/ws_px4_control/src/uav_controller_pkg/install/uav_controller_pkg/share/uav_controller_pkg/package.sh'
[1.080s] INFO:colcon.colcon_core.shell:Creating package script '/home/kyj/ws_px4_control/src/uav_controller_pkg/install/uav_controller_pkg/share/uav_controller_pkg/package.bash'
[1.081s] INFO:colcon.colcon_core.shell:Creating package script '/home/kyj/ws_px4_control/src/uav_controller_pkg/install/uav_controller_pkg/share/uav_controller_pkg/package.zsh'
[1.081s] Level 1:colcon.colcon_core.environment:create_file_with_runtime_dependencies(/home/kyj/ws_px4_control/src/uav_controller_pkg/install/uav_controller_pkg/share/colcon-core/packages/uav_controller_pkg)
[1.091s] DEBUG:colcon.colcon_parallel_executor.executor.parallel:closing loop
[1.091s] DEBUG:colcon.colcon_parallel_executor.executor.parallel:loop closed
[1.092s] DEBUG:colcon.colcon_parallel_executor.executor.parallel:run_until_complete finished with '1'
[1.092s] DEBUG:colcon.colcon_core.event_reactor:joining thread
[1.095s] INFO:colcon.colcon_core.plugin_system:Skipping extension 'colcon_notification.desktop_notification.terminal_notifier': Not used on non-Darwin systems
[1.095s] INFO:colcon.colcon_core.plugin_system:Skipping extension 'colcon_notification.desktop_notification.win32': Not used on non-Windows systems
[1.095s] INFO:colcon.colcon_notification.desktop_notification:Sending desktop notification using 'notify2'
[1.103s] DEBUG:colcon.colcon_core.event_reactor:joined thread
[1.103s] INFO:colcon.colcon_core.shell:Creating prefix script '/home/kyj/ws_px4_control/src/uav_controller_pkg/install/local_setup.ps1'
[1.103s] INFO:colcon.colcon_core.shell:Creating prefix util module '/home/kyj/ws_px4_control/src/uav_controller_pkg/install/_local_setup_util_ps1.py'
[1.104s] INFO:colcon.colcon_core.shell:Creating prefix chain script '/home/kyj/ws_px4_control/src/uav_controller_pkg/install/setup.ps1'
[1.105s] INFO:colcon.colcon_core.shell:Creating prefix script '/home/kyj/ws_px4_control/src/uav_controller_pkg/install/local_setup.sh'
[1.105s] INFO:colcon.colcon_core.shell:Creating prefix util module '/home/kyj/ws_px4_control/src/uav_controller_pkg/install/_local_setup_util_sh.py'
[1.105s] INFO:colcon.colcon_core.shell:Creating prefix chain script '/home/kyj/ws_px4_control/src/uav_controller_pkg/install/setup.sh'
[1.106s] INFO:colcon.colcon_core.shell:Creating prefix script '/home/kyj/ws_px4_control/src/uav_controller_pkg/install/local_setup.bash'
[1.106s] INFO:colcon.colcon_core.shell:Creating prefix chain script '/home/kyj/ws_px4_control/src/uav_controller_pkg/install/setup.bash'
[1.106s] INFO:colcon.colcon_core.shell:Creating prefix script '/home/kyj/ws_px4_control/src/uav_controller_pkg/install/local_setup.zsh'
[1.107s] INFO:colcon.colcon_core.shell:Creating prefix chain script '/home/kyj/ws_px4_control/src/uav_controller_pkg/install/setup.zsh'
