[0.083s] DEBUG:colcon:Command line arguments: ['/usr/bin/colcon', 'build']
[0.083s] DEBUG:colcon:Parsed command line arguments: Namespace(log_base=None, log_level=None, verb_name='build', build_base='build', install_base='install', merge_install=False, symlink_install=False, test_result_base=None, continue_on_error=False, executor='parallel', parallel_workers=20, event_handlers=None, ignore_user_meta=False, metas=['./colcon.meta'], base_paths=['.'], packages_ignore=None, packages_ignore_regex=None, paths=None, packages_up_to=None, packages_up_to_regex=None, packages_above=None, packages_above_and_dependencies=None, packages_above_depth=None, packages_select_by_dep=None, packages_skip_by_dep=None, packages_skip_up_to=None, packages_select_build_failed=False, packages_skip_build_finished=False, packages_select_test_failures=False, packages_skip_test_passed=False, packages_select=None, packages_skip=None, packages_select_regex=None, packages_skip_regex=None, packages_start=None, packages_end=None, allow_overriding=[], cmake_args=None, cmake_target=None, cmake_target_skip_unavailable=False, cmake_clean_cache=False, cmake_clean_first=False, cmake_force_configure=False, ament_cmake_args=None, catkin_cmake_args=None, catkin_skip_building_tests=False, mixin_files=None, mixin=None, verb_parser=<colcon_mixin.mixin.mixin_argument.MixinArgumentDecorator object at 0x762c39c24f40>, verb_extension=<colcon_core.verb.build.BuildVerb object at 0x762c39d30250>, main=<bound method BuildVerb.main of <colcon_core.verb.build.BuildVerb object at 0x762c39d30250>>, mixin_verb=('build',))
[0.196s] Level 1:colcon.colcon_core.package_discovery:discover_packages(colcon_meta) check parameters
[0.196s] Level 1:colcon.colcon_core.package_discovery:discover_packages(recursive) check parameters
[0.196s] Level 1:colcon.colcon_core.package_discovery:discover_packages(ignore) check parameters
[0.196s] Level 1:colcon.colcon_core.package_discovery:discover_packages(path) check parameters
[0.196s] Level 1:colcon.colcon_core.package_discovery:discover_packages(colcon_meta) discover
[0.196s] Level 1:colcon.colcon_core.package_discovery:discover_packages(recursive) discover
[0.196s] INFO:colcon.colcon_core.package_discovery:Crawling recursively for packages in '/home/jmj/pro_asp_ws/ws_px4_control'
[0.196s] Level 1:colcon.colcon_core.package_identification:_identify(.) by extensions ['ignore', 'ignore_ament_install']
[0.196s] Level 1:colcon.colcon_core.package_identification:_identify(.) by extension 'ignore'
[0.196s] Level 1:colcon.colcon_core.package_identification:_identify(.) by extension 'ignore_ament_install'
[0.196s] Level 1:colcon.colcon_core.package_identification:_identify(.) by extensions ['colcon_pkg']
[0.196s] Level 1:colcon.colcon_core.package_identification:_identify(.) by extension 'colcon_pkg'
[0.196s] Level 1:colcon.colcon_core.package_identification:_identify(.) by extensions ['colcon_meta']
[0.196s] Level 1:colcon.colcon_core.package_identification:_identify(.) by extension 'colcon_meta'
[0.196s] Level 1:colcon.colcon_core.package_identification:_identify(.) by extensions ['ros']
[0.196s] Level 1:colcon.colcon_core.package_identification:_identify(.) by extension 'ros'
[0.209s] Level 1:colcon.colcon_core.package_identification:_identify(.) by extensions ['cmake', 'python']
[0.209s] Level 1:colcon.colcon_core.package_identification:_identify(.) by extension 'cmake'
[0.209s] Level 1:colcon.colcon_core.package_identification:_identify(.) by extension 'python'
[0.209s] Level 1:colcon.colcon_core.package_identification:_identify(.) by extensions ['python_setup_py']
[0.209s] Level 1:colcon.colcon_core.package_identification:_identify(.) by extension 'python_setup_py'
[0.209s] Level 1:colcon.colcon_core.package_identification:_identify(build) by extensions ['ignore', 'ignore_ament_install']
[0.209s] Level 1:colcon.colcon_core.package_identification:_identify(build) by extension 'ignore'
[0.209s] Level 1:colcon.colcon_core.package_identification:_identify(build) ignored
[0.210s] Level 1:colcon.colcon_core.package_identification:_identify(install) by extensions ['ignore', 'ignore_ament_install']
[0.210s] Level 1:colcon.colcon_core.package_identification:_identify(install) by extension 'ignore'
[0.210s] Level 1:colcon.colcon_core.package_identification:_identify(install) ignored
[0.210s] Level 1:colcon.colcon_core.package_identification:_identify(log) by extensions ['ignore', 'ignore_ament_install']
[0.210s] Level 1:colcon.colcon_core.package_identification:_identify(log) by extension 'ignore'
[0.210s] Level 1:colcon.colcon_core.package_identification:_identify(log) ignored
[0.210s] Level 1:colcon.colcon_core.package_identification:_identify(src) by extensions ['ignore', 'ignore_ament_install']
[0.210s] Level 1:colcon.colcon_core.package_identification:_identify(src) by extension 'ignore'
[0.210s] Level 1:colcon.colcon_core.package_identification:_identify(src) by extension 'ignore_ament_install'
[0.210s] Level 1:colcon.colcon_core.package_identification:_identify(src) by extensions ['colcon_pkg']
[0.210s] Level 1:colcon.colcon_core.package_identification:_identify(src) by extension 'colcon_pkg'
[0.210s] Level 1:colcon.colcon_core.package_identification:_identify(src) by extensions ['colcon_meta']
[0.210s] Level 1:colcon.colcon_core.package_identification:_identify(src) by extension 'colcon_meta'
[0.210s] Level 1:colcon.colcon_core.package_identification:_identify(src) by extensions ['ros']
[0.210s] Level 1:colcon.colcon_core.package_identification:_identify(src) by extension 'ros'
[0.210s] Level 1:colcon.colcon_core.package_identification:_identify(src) by extensions ['cmake', 'python']
[0.210s] Level 1:colcon.colcon_core.package_identification:_identify(src) by extension 'cmake'
[0.210s] Level 1:colcon.colcon_core.package_identification:_identify(src) by extension 'python'
[0.210s] Level 1:colcon.colcon_core.package_identification:_identify(src) by extensions ['python_setup_py']
[0.210s] Level 1:colcon.colcon_core.package_identification:_identify(src) by extension 'python_setup_py'
[0.210s] Level 1:colcon.colcon_core.package_identification:_identify(src/px4_msgs) by extensions ['ignore', 'ignore_ament_install']
[0.210s] Level 1:colcon.colcon_core.package_identification:_identify(src/px4_msgs) by extension 'ignore'
[0.210s] Level 1:colcon.colcon_core.package_identification:_identify(src/px4_msgs) by extension 'ignore_ament_install'
[0.210s] Level 1:colcon.colcon_core.package_identification:_identify(src/px4_msgs) by extensions ['colcon_pkg']
[0.210s] Level 1:colcon.colcon_core.package_identification:_identify(src/px4_msgs) by extension 'colcon_pkg'
[0.210s] Level 1:colcon.colcon_core.package_identification:_identify(src/px4_msgs) by extensions ['colcon_meta']
[0.210s] Level 1:colcon.colcon_core.package_identification:_identify(src/px4_msgs) by extension 'colcon_meta'
[0.210s] Level 1:colcon.colcon_core.package_identification:_identify(src/px4_msgs) by extensions ['ros']
[0.210s] Level 1:colcon.colcon_core.package_identification:_identify(src/px4_msgs) by extension 'ros'
[0.212s] DEBUG:colcon.colcon_core.package_identification:Package 'src/px4_msgs' with type 'ros.ament_cmake' and name 'px4_msgs'
[0.212s] Level 1:colcon.colcon_core.package_identification:_identify(src/px4_ros_com) by extensions ['ignore', 'ignore_ament_install']
[0.213s] Level 1:colcon.colcon_core.package_identification:_identify(src/px4_ros_com) by extension 'ignore'
[0.213s] Level 1:colcon.colcon_core.package_identification:_identify(src/px4_ros_com) by extension 'ignore_ament_install'
[0.213s] Level 1:colcon.colcon_core.package_identification:_identify(src/px4_ros_com) by extensions ['colcon_pkg']
[0.213s] Level 1:colcon.colcon_core.package_identification:_identify(src/px4_ros_com) by extension 'colcon_pkg'
[0.213s] Level 1:colcon.colcon_core.package_identification:_identify(src/px4_ros_com) by extensions ['colcon_meta']
[0.213s] Level 1:colcon.colcon_core.package_identification:_identify(src/px4_ros_com) by extension 'colcon_meta'
[0.213s] Level 1:colcon.colcon_core.package_identification:_identify(src/px4_ros_com) by extensions ['ros']
[0.213s] Level 1:colcon.colcon_core.package_identification:_identify(src/px4_ros_com) by extension 'ros'
[0.214s] DEBUG:colcon.colcon_core.package_identification:Package 'src/px4_ros_com' with type 'ros.ament_cmake' and name 'px4_ros_com'
[0.214s] Level 1:colcon.colcon_core.package_discovery:discover_packages(recursive) using defaults
[0.214s] Level 1:colcon.colcon_core.package_discovery:discover_packages(ignore) discover
[0.214s] Level 1:colcon.colcon_core.package_discovery:discover_packages(ignore) using defaults
[0.214s] Level 1:colcon.colcon_core.package_discovery:discover_packages(path) discover
[0.214s] Level 1:colcon.colcon_core.package_discovery:discover_packages(path) using defaults
[0.227s] Level 1:colcon.colcon_core.package_discovery:discover_packages(prefix_path) check parameters
[0.227s] Level 1:colcon.colcon_core.package_discovery:discover_packages(prefix_path) discover
[0.229s] DEBUG:colcon.colcon_installed_package_information.package_discovery:Found 362 installed packages in /opt/ros/humble
[0.230s] Level 1:colcon.colcon_core.package_discovery:discover_packages(prefix_path) using defaults
[0.254s] Level 5:colcon.colcon_core.verb:set package 'px4_msgs' build argument 'cmake_args' from command line to 'None'
[0.255s] Level 5:colcon.colcon_core.verb:set package 'px4_msgs' build argument 'cmake_target' from command line to 'None'
[0.255s] Level 5:colcon.colcon_core.verb:set package 'px4_msgs' build argument 'cmake_target_skip_unavailable' from command line to 'False'
[0.255s] Level 5:colcon.colcon_core.verb:set package 'px4_msgs' build argument 'cmake_clean_cache' from command line to 'False'
[0.255s] Level 5:colcon.colcon_core.verb:set package 'px4_msgs' build argument 'cmake_clean_first' from command line to 'False'
[0.255s] Level 5:colcon.colcon_core.verb:set package 'px4_msgs' build argument 'cmake_force_configure' from command line to 'False'
[0.255s] Level 5:colcon.colcon_core.verb:set package 'px4_msgs' build argument 'ament_cmake_args' from command line to 'None'
[0.255s] Level 5:colcon.colcon_core.verb:set package 'px4_msgs' build argument 'catkin_cmake_args' from command line to 'None'
[0.255s] Level 5:colcon.colcon_core.verb:set package 'px4_msgs' build argument 'catkin_skip_building_tests' from command line to 'False'
[0.255s] DEBUG:colcon.colcon_core.verb:Building package 'px4_msgs' with the following arguments: {'ament_cmake_args': None, 'build_base': '/home/jmj/pro_asp_ws/ws_px4_control/build/px4_msgs', 'catkin_cmake_args': None, 'catkin_skip_building_tests': False, 'cmake_args': None, 'cmake_clean_cache': False, 'cmake_clean_first': False, 'cmake_force_configure': False, 'cmake_target': None, 'cmake_target_skip_unavailable': False, 'install_base': '/home/jmj/pro_asp_ws/ws_px4_control/install/px4_msgs', 'merge_install': False, 'path': '/home/jmj/pro_asp_ws/ws_px4_control/src/px4_msgs', 'symlink_install': False, 'test_result_base': None}
[0.255s] Level 5:colcon.colcon_core.verb:set package 'px4_ros_com' build argument 'cmake_args' from command line to 'None'
[0.255s] Level 5:colcon.colcon_core.verb:set package 'px4_ros_com' build argument 'cmake_target' from command line to 'None'
[0.255s] Level 5:colcon.colcon_core.verb:set package 'px4_ros_com' build argument 'cmake_target_skip_unavailable' from command line to 'False'
[0.255s] Level 5:colcon.colcon_core.verb:set package 'px4_ros_com' build argument 'cmake_clean_cache' from command line to 'False'
[0.255s] Level 5:colcon.colcon_core.verb:set package 'px4_ros_com' build argument 'cmake_clean_first' from command line to 'False'
[0.255s] Level 5:colcon.colcon_core.verb:set package 'px4_ros_com' build argument 'cmake_force_configure' from command line to 'False'
[0.255s] Level 5:colcon.colcon_core.verb:set package 'px4_ros_com' build argument 'ament_cmake_args' from command line to 'None'
[0.255s] Level 5:colcon.colcon_core.verb:set package 'px4_ros_com' build argument 'catkin_cmake_args' from command line to 'None'
[0.255s] Level 5:colcon.colcon_core.verb:set package 'px4_ros_com' build argument 'catkin_skip_building_tests' from command line to 'False'
[0.255s] DEBUG:colcon.colcon_core.verb:Building package 'px4_ros_com' with the following arguments: {'ament_cmake_args': None, 'build_base': '/home/jmj/pro_asp_ws/ws_px4_control/build/px4_ros_com', 'catkin_cmake_args': None, 'catkin_skip_building_tests': False, 'cmake_args': None, 'cmake_clean_cache': False, 'cmake_clean_first': False, 'cmake_force_configure': False, 'cmake_target': None, 'cmake_target_skip_unavailable': False, 'install_base': '/home/jmj/pro_asp_ws/ws_px4_control/install/px4_ros_com', 'merge_install': False, 'path': '/home/jmj/pro_asp_ws/ws_px4_control/src/px4_ros_com', 'symlink_install': False, 'test_result_base': None}
[0.255s] INFO:colcon.colcon_core.executor:Executing jobs using 'parallel' executor
[0.256s] DEBUG:colcon.colcon_parallel_executor.executor.parallel:run_until_complete
[0.256s] INFO:colcon.colcon_ros.task.ament_cmake.build:Building ROS package in '/home/jmj/pro_asp_ws/ws_px4_control/src/px4_msgs' with build type 'ament_cmake'
[0.256s] INFO:colcon.colcon_cmake.task.cmake.build:Building CMake package in '/home/jmj/pro_asp_ws/ws_px4_control/src/px4_msgs'
[0.258s] INFO:colcon.colcon_core.plugin_system:Skipping extension 'colcon_core.shell.bat': Not used on non-Windows systems
[0.258s] INFO:colcon.colcon_core.shell:Skip shell extension 'powershell' for command environment: Not usable outside of PowerShell
[0.258s] DEBUG:colcon.colcon_core.shell:Skip shell extension 'dsv' for command environment
[0.264s] DEBUG:colcon.colcon_core.event_handler.log_command:Invoking command in '/home/jmj/pro_asp_ws/ws_px4_control/build/px4_msgs': CMAKE_PREFIX_PATH=/opt/ros/humble /usr/bin/cmake --build /home/jmj/pro_asp_ws/ws_px4_control/build/px4_msgs -- -j20 -l20
[0.863s] DEBUG:colcon.colcon_core.event_handler.log_command:Invoked command in '/home/jmj/pro_asp_ws/ws_px4_control/build/px4_msgs' returned '0': CMAKE_PREFIX_PATH=/opt/ros/humble /usr/bin/cmake --build /home/jmj/pro_asp_ws/ws_px4_control/build/px4_msgs -- -j20 -l20
[0.871s] DEBUG:colcon.colcon_core.event_handler.log_command:Invoking command in '/home/jmj/pro_asp_ws/ws_px4_control/build/px4_msgs': CMAKE_PREFIX_PATH=/opt/ros/humble /usr/bin/cmake --install /home/jmj/pro_asp_ws/ws_px4_control/build/px4_msgs
[1.084s] Level 1:colcon.colcon_core.environment:create_environment_scripts_only(px4_msgs)
[1.085s] DEBUG:colcon.colcon_core.event_handler.log_command:Invoked command in '/home/jmj/pro_asp_ws/ws_px4_control/build/px4_msgs' returned '0': CMAKE_PREFIX_PATH=/opt/ros/humble /usr/bin/cmake --install /home/jmj/pro_asp_ws/ws_px4_control/build/px4_msgs
[1.087s] Level 1:colcon.colcon_core.environment:checking '/home/jmj/pro_asp_ws/ws_px4_control/install/px4_msgs' for CMake module files
[1.087s] Level 1:colcon.colcon_core.environment:checking '/home/jmj/pro_asp_ws/ws_px4_control/install/px4_msgs' for CMake config files
[1.090s] Level 1:colcon.colcon_core.shell:create_environment_hook('px4_msgs', 'cmake_prefix_path')
[1.090s] INFO:colcon.colcon_core.shell:Creating environment hook '/home/jmj/pro_asp_ws/ws_px4_control/install/px4_msgs/share/px4_msgs/hook/cmake_prefix_path.ps1'
[1.090s] INFO:colcon.colcon_core.shell:Creating environment descriptor '/home/jmj/pro_asp_ws/ws_px4_control/install/px4_msgs/share/px4_msgs/hook/cmake_prefix_path.dsv'
[1.090s] INFO:colcon.colcon_core.shell:Creating environment hook '/home/jmj/pro_asp_ws/ws_px4_control/install/px4_msgs/share/px4_msgs/hook/cmake_prefix_path.sh'
[1.091s] Level 1:colcon.colcon_core.environment:checking '/home/jmj/pro_asp_ws/ws_px4_control/install/px4_msgs/lib'
[1.091s] Level 1:colcon.colcon_core.shell:create_environment_hook('px4_msgs', 'ld_library_path_lib')
[1.091s] INFO:colcon.colcon_core.shell:Creating environment hook '/home/jmj/pro_asp_ws/ws_px4_control/install/px4_msgs/share/px4_msgs/hook/ld_library_path_lib.ps1'
[1.091s] INFO:colcon.colcon_core.shell:Creating environment descriptor '/home/jmj/pro_asp_ws/ws_px4_control/install/px4_msgs/share/px4_msgs/hook/ld_library_path_lib.dsv'
[1.091s] INFO:colcon.colcon_core.shell:Creating environment hook '/home/jmj/pro_asp_ws/ws_px4_control/install/px4_msgs/share/px4_msgs/hook/ld_library_path_lib.sh'
[1.092s] Level 1:colcon.colcon_core.environment:checking '/home/jmj/pro_asp_ws/ws_px4_control/install/px4_msgs/bin'
[1.092s] Level 1:colcon.colcon_core.environment:checking '/home/jmj/pro_asp_ws/ws_px4_control/install/px4_msgs/lib/pkgconfig/px4_msgs.pc'
[1.092s] Level 1:colcon.colcon_core.environment:checking '/home/jmj/pro_asp_ws/ws_px4_control/install/px4_msgs/lib/python3.10/site-packages'
[1.092s] Level 1:colcon.colcon_core.environment:checking '/home/jmj/pro_asp_ws/ws_px4_control/install/px4_msgs/bin'
[1.092s] INFO:colcon.colcon_core.shell:Creating package script '/home/jmj/pro_asp_ws/ws_px4_control/install/px4_msgs/share/px4_msgs/package.ps1'
[1.092s] INFO:colcon.colcon_core.shell:Creating package descriptor '/home/jmj/pro_asp_ws/ws_px4_control/install/px4_msgs/share/px4_msgs/package.dsv'
[1.093s] INFO:colcon.colcon_core.shell:Creating package script '/home/jmj/pro_asp_ws/ws_px4_control/install/px4_msgs/share/px4_msgs/package.sh'
[1.093s] INFO:colcon.colcon_core.shell:Creating package script '/home/jmj/pro_asp_ws/ws_px4_control/install/px4_msgs/share/px4_msgs/package.bash'
[1.093s] INFO:colcon.colcon_core.shell:Creating package script '/home/jmj/pro_asp_ws/ws_px4_control/install/px4_msgs/share/px4_msgs/package.zsh'
[1.094s] Level 1:colcon.colcon_core.environment:create_file_with_runtime_dependencies(/home/jmj/pro_asp_ws/ws_px4_control/install/px4_msgs/share/colcon-core/packages/px4_msgs)
[1.094s] Level 1:colcon.colcon_core.environment:create_environment_scripts_only(px4_msgs)
[1.094s] Level 1:colcon.colcon_core.environment:checking '/home/jmj/pro_asp_ws/ws_px4_control/install/px4_msgs' for CMake module files
[1.095s] Level 1:colcon.colcon_core.environment:checking '/home/jmj/pro_asp_ws/ws_px4_control/install/px4_msgs' for CMake config files
[1.097s] Level 1:colcon.colcon_core.shell:create_environment_hook('px4_msgs', 'cmake_prefix_path')
[1.097s] INFO:colcon.colcon_core.shell:Creating environment hook '/home/jmj/pro_asp_ws/ws_px4_control/install/px4_msgs/share/px4_msgs/hook/cmake_prefix_path.ps1'
[1.098s] INFO:colcon.colcon_core.shell:Creating environment descriptor '/home/jmj/pro_asp_ws/ws_px4_control/install/px4_msgs/share/px4_msgs/hook/cmake_prefix_path.dsv'
[1.098s] INFO:colcon.colcon_core.shell:Creating environment hook '/home/jmj/pro_asp_ws/ws_px4_control/install/px4_msgs/share/px4_msgs/hook/cmake_prefix_path.sh'
[1.098s] Level 1:colcon.colcon_core.environment:checking '/home/jmj/pro_asp_ws/ws_px4_control/install/px4_msgs/lib'
[1.098s] Level 1:colcon.colcon_core.shell:create_environment_hook('px4_msgs', 'ld_library_path_lib')
[1.098s] INFO:colcon.colcon_core.shell:Creating environment hook '/home/jmj/pro_asp_ws/ws_px4_control/install/px4_msgs/share/px4_msgs/hook/ld_library_path_lib.ps1'
[1.099s] INFO:colcon.colcon_core.shell:Creating environment descriptor '/home/jmj/pro_asp_ws/ws_px4_control/install/px4_msgs/share/px4_msgs/hook/ld_library_path_lib.dsv'
[1.099s] INFO:colcon.colcon_core.shell:Creating environment hook '/home/jmj/pro_asp_ws/ws_px4_control/install/px4_msgs/share/px4_msgs/hook/ld_library_path_lib.sh'
[1.099s] Level 1:colcon.colcon_core.environment:checking '/home/jmj/pro_asp_ws/ws_px4_control/install/px4_msgs/bin'
[1.099s] Level 1:colcon.colcon_core.environment:checking '/home/jmj/pro_asp_ws/ws_px4_control/install/px4_msgs/lib/pkgconfig/px4_msgs.pc'
[1.099s] Level 1:colcon.colcon_core.environment:checking '/home/jmj/pro_asp_ws/ws_px4_control/install/px4_msgs/lib/python3.10/site-packages'
[1.099s] Level 1:colcon.colcon_core.environment:checking '/home/jmj/pro_asp_ws/ws_px4_control/install/px4_msgs/bin'
[1.099s] INFO:colcon.colcon_core.shell:Creating package script '/home/jmj/pro_asp_ws/ws_px4_control/install/px4_msgs/share/px4_msgs/package.ps1'
[1.100s] INFO:colcon.colcon_core.shell:Creating package descriptor '/home/jmj/pro_asp_ws/ws_px4_control/install/px4_msgs/share/px4_msgs/package.dsv'
[1.100s] INFO:colcon.colcon_core.shell:Creating package script '/home/jmj/pro_asp_ws/ws_px4_control/install/px4_msgs/share/px4_msgs/package.sh'
[1.100s] INFO:colcon.colcon_core.shell:Creating package script '/home/jmj/pro_asp_ws/ws_px4_control/install/px4_msgs/share/px4_msgs/package.bash'
[1.100s] INFO:colcon.colcon_core.shell:Creating package script '/home/jmj/pro_asp_ws/ws_px4_control/install/px4_msgs/share/px4_msgs/package.zsh'
[1.100s] Level 1:colcon.colcon_core.environment:create_file_with_runtime_dependencies(/home/jmj/pro_asp_ws/ws_px4_control/install/px4_msgs/share/colcon-core/packages/px4_msgs)
[1.101s] INFO:colcon.colcon_ros.task.ament_cmake.build:Building ROS package in '/home/jmj/pro_asp_ws/ws_px4_control/src/px4_ros_com' with build type 'ament_cmake'
[1.101s] INFO:colcon.colcon_cmake.task.cmake.build:Building CMake package in '/home/jmj/pro_asp_ws/ws_px4_control/src/px4_ros_com'
[1.101s] INFO:colcon.colcon_core.shell:Skip shell extension 'powershell' for command environment: Not usable outside of PowerShell
[1.101s] DEBUG:colcon.colcon_core.shell:Skip shell extension 'dsv' for command environment
[1.108s] DEBUG:colcon.colcon_core.event_handler.log_command:Invoking command in '/home/jmj/pro_asp_ws/ws_px4_control/build/px4_ros_com': AMENT_PREFIX_PATH=/home/jmj/pro_asp_ws/ws_px4_control/install/px4_msgs:${AMENT_PREFIX_PATH} CMAKE_PREFIX_PATH=/home/jmj/pro_asp_ws/ws_px4_control/install/px4_msgs:/opt/ros/humble LD_LIBRARY_PATH=/home/jmj/pro_asp_ws/ws_px4_control/install/px4_msgs/lib:${LD_LIBRARY_PATH} PYTHONPATH=/home/jmj/pro_asp_ws/ws_px4_control/install/px4_msgs/local/lib/python3.10/dist-packages:${PYTHONPATH} /usr/bin/cmake --build /home/jmj/pro_asp_ws/ws_px4_control/build/px4_ros_com -- -j20 -l20
[1.439s] DEBUG:colcon.colcon_core.event_handler.log_command:Invoked command in '/home/jmj/pro_asp_ws/ws_px4_control/build/px4_ros_com' returned '2': AMENT_PREFIX_PATH=/home/jmj/pro_asp_ws/ws_px4_control/install/px4_msgs:${AMENT_PREFIX_PATH} CMAKE_PREFIX_PATH=/home/jmj/pro_asp_ws/ws_px4_control/install/px4_msgs:/opt/ros/humble LD_LIBRARY_PATH=/home/jmj/pro_asp_ws/ws_px4_control/install/px4_msgs/lib:${LD_LIBRARY_PATH} PYTHONPATH=/home/jmj/pro_asp_ws/ws_px4_control/install/px4_msgs/local/lib/python3.10/dist-packages:${PYTHONPATH} /usr/bin/cmake --build /home/jmj/pro_asp_ws/ws_px4_control/build/px4_ros_com -- -j20 -l20
[1.439s] Level 1:colcon.colcon_core.environment:create_environment_scripts_only(px4_ros_com)
[1.440s] Level 1:colcon.colcon_core.environment:checking '/home/jmj/pro_asp_ws/ws_px4_control/install/px4_ros_com' for CMake module files
[1.440s] Level 1:colcon.colcon_core.environment:checking '/home/jmj/pro_asp_ws/ws_px4_control/install/px4_ros_com' for CMake config files
[1.440s] Level 1:colcon.colcon_core.shell:create_environment_hook('px4_ros_com', 'cmake_prefix_path')
[1.440s] INFO:colcon.colcon_core.shell:Creating environment hook '/home/jmj/pro_asp_ws/ws_px4_control/install/px4_ros_com/share/px4_ros_com/hook/cmake_prefix_path.ps1'
[1.440s] INFO:colcon.colcon_core.shell:Creating environment descriptor '/home/jmj/pro_asp_ws/ws_px4_control/install/px4_ros_com/share/px4_ros_com/hook/cmake_prefix_path.dsv'
[1.441s] INFO:colcon.colcon_core.shell:Creating environment hook '/home/jmj/pro_asp_ws/ws_px4_control/install/px4_ros_com/share/px4_ros_com/hook/cmake_prefix_path.sh'
[1.441s] Level 1:colcon.colcon_core.environment:checking '/home/jmj/pro_asp_ws/ws_px4_control/install/px4_ros_com/lib'
[1.441s] Level 1:colcon.colcon_core.shell:create_environment_hook('px4_ros_com', 'ld_library_path_lib')
[1.441s] INFO:colcon.colcon_core.shell:Creating environment hook '/home/jmj/pro_asp_ws/ws_px4_control/install/px4_ros_com/share/px4_ros_com/hook/ld_library_path_lib.ps1'
[1.441s] INFO:colcon.colcon_core.shell:Creating environment descriptor '/home/jmj/pro_asp_ws/ws_px4_control/install/px4_ros_com/share/px4_ros_com/hook/ld_library_path_lib.dsv'
[1.441s] INFO:colcon.colcon_core.shell:Creating environment hook '/home/jmj/pro_asp_ws/ws_px4_control/install/px4_ros_com/share/px4_ros_com/hook/ld_library_path_lib.sh'
[1.442s] Level 1:colcon.colcon_core.environment:checking '/home/jmj/pro_asp_ws/ws_px4_control/install/px4_ros_com/bin'
[1.442s] Level 1:colcon.colcon_core.environment:checking '/home/jmj/pro_asp_ws/ws_px4_control/install/px4_ros_com/lib/pkgconfig/px4_ros_com.pc'
[1.442s] Level 1:colcon.colcon_core.environment:checking '/home/jmj/pro_asp_ws/ws_px4_control/install/px4_ros_com/lib/python3.10/site-packages'
[1.442s] Level 1:colcon.colcon_core.environment:checking '/home/jmj/pro_asp_ws/ws_px4_control/install/px4_ros_com/bin'
[1.442s] INFO:colcon.colcon_core.shell:Creating package script '/home/jmj/pro_asp_ws/ws_px4_control/install/px4_ros_com/share/px4_ros_com/package.ps1'
[1.442s] INFO:colcon.colcon_core.shell:Creating package descriptor '/home/jmj/pro_asp_ws/ws_px4_control/install/px4_ros_com/share/px4_ros_com/package.dsv'
[1.443s] INFO:colcon.colcon_core.shell:Creating package script '/home/jmj/pro_asp_ws/ws_px4_control/install/px4_ros_com/share/px4_ros_com/package.sh'
[1.443s] INFO:colcon.colcon_core.shell:Creating package script '/home/jmj/pro_asp_ws/ws_px4_control/install/px4_ros_com/share/px4_ros_com/package.bash'
[1.443s] INFO:colcon.colcon_core.shell:Creating package script '/home/jmj/pro_asp_ws/ws_px4_control/install/px4_ros_com/share/px4_ros_com/package.zsh'
[1.443s] Level 1:colcon.colcon_core.environment:create_file_with_runtime_dependencies(/home/jmj/pro_asp_ws/ws_px4_control/install/px4_ros_com/share/colcon-core/packages/px4_ros_com)
[1.453s] DEBUG:colcon.colcon_parallel_executor.executor.parallel:closing loop
[1.454s] DEBUG:colcon.colcon_parallel_executor.executor.parallel:loop closed
[1.454s] DEBUG:colcon.colcon_parallel_executor.executor.parallel:run_until_complete finished with '2'
[1.454s] DEBUG:colcon.colcon_core.event_reactor:joining thread
[1.459s] INFO:colcon.colcon_core.plugin_system:Skipping extension 'colcon_notification.desktop_notification.terminal_notifier': Not used on non-Darwin systems
[1.459s] INFO:colcon.colcon_core.plugin_system:Skipping extension 'colcon_notification.desktop_notification.win32': Not used on non-Windows systems
[1.459s] INFO:colcon.colcon_notification.desktop_notification:Sending desktop notification using 'notify2'
[1.466s] DEBUG:colcon.colcon_core.event_reactor:joined thread
[1.467s] INFO:colcon.colcon_core.shell:Creating prefix script '/home/jmj/pro_asp_ws/ws_px4_control/install/local_setup.ps1'
[1.468s] INFO:colcon.colcon_core.shell:Creating prefix util module '/home/jmj/pro_asp_ws/ws_px4_control/install/_local_setup_util_ps1.py'
[1.469s] INFO:colcon.colcon_core.shell:Creating prefix chain script '/home/jmj/pro_asp_ws/ws_px4_control/install/setup.ps1'
[1.470s] INFO:colcon.colcon_core.shell:Creating prefix script '/home/jmj/pro_asp_ws/ws_px4_control/install/local_setup.sh'
[1.470s] INFO:colcon.colcon_core.shell:Creating prefix util module '/home/jmj/pro_asp_ws/ws_px4_control/install/_local_setup_util_sh.py'
[1.470s] INFO:colcon.colcon_core.shell:Creating prefix chain script '/home/jmj/pro_asp_ws/ws_px4_control/install/setup.sh'
[1.471s] INFO:colcon.colcon_core.shell:Creating prefix script '/home/jmj/pro_asp_ws/ws_px4_control/install/local_setup.bash'
[1.471s] INFO:colcon.colcon_core.shell:Creating prefix chain script '/home/jmj/pro_asp_ws/ws_px4_control/install/setup.bash'
[1.471s] INFO:colcon.colcon_core.shell:Creating prefix script '/home/jmj/pro_asp_ws/ws_px4_control/install/local_setup.zsh'
[1.472s] INFO:colcon.colcon_core.shell:Creating prefix chain script '/home/jmj/pro_asp_ws/ws_px4_control/install/setup.zsh'
